<?xml version="1.0" encoding="UTF-8"?>
<!-- Generated by org.testng.reporters.JUnitReportReporter -->
<testsuite hostname="DESKTOP-4GB7BHM" failures="0" tests="1" name="com.dyp.base.AuthTokenCleanupTest" time="0.040" errors="0" timestamp="2025-07-15T17:45:11 IST" skipped="0">
  <testcase classname="com.dyp.base.AuthTokenCleanupTest" name="clearAuthTokens" time="0.040"/>
  <system-out/>
</testsuite> <!-- com.dyp.base.AuthTokenCleanupTest -->
