<?xml version="1.0" encoding="UTF-8"?>
<!-- Generated by org.testng.reporters.JUnitReportReporter -->
<testsuite hostname="DESKTOP-4GB7BHM" failures="0" tests="6" name="com.dyp.base.ComprehensiveAuthTest" time="24.634" errors="0" timestamp="2025-07-15T17:45:11 IST" skipped="0">
  <testcase classname="com.dyp.base.ComprehensiveAuthTest" name="testConfigurationLoadingFromConfigFile" time="0.002"/>
  <system-out/>
  <testcase classname="com.dyp.base.ComprehensiveAuthTest" name="testProviderUserAuthentication" time="5.123"/>
  <system-out/>
  <testcase classname="com.dyp.base.ComprehensiveAuthTest" name="testInternalUserAuthentication" time="3.716"/>
  <system-out/>
  <testcase classname="com.dyp.base.ComprehensiveAuthTest" name="testStoredTokenValidation" time="0.000"/>
  <system-out/>
  <testcase classname="com.dyp.base.ComprehensiveAuthTest" name="testTokenUsageSimulation" time="5.950"/>
  <system-out/>
  <testcase classname="com.dyp.base.ComprehensiveAuthTest" name="testFinalTokenStatusCheck" time="9.843"/>
  <system-out/>
</testsuite> <!-- com.dyp.base.ComprehensiveAuthTest -->
